2024-12-10 12:13:40,378 - IRCServer[17292] - INFO - Launching server edoras...
2024-12-10 12:13:40,382 - IRCServer[17292] - INFO - Configuring the server socket...
2024-12-10 12:13:40,394 - IRCServer[17292] - INFO - Connecting to remote server lothlorien:32204...
2024-12-10 12:13:40,401 - IRCServer[17292] - INFO - Listening for new connections on port 32206
2024-12-10 12:13:40,413 - IRCServer[17292] - INFO - Received msg from Host ID #6 "b'\x00\x00\x00\x00\x06\x00\x00\x00\x00\x06\x00%edoras"Home of the Golden Hall of Meduseld"'"
2024-12-10 12:13:40,424 - IRCServer[17292] - INFO - Sending message to Host ID #2 "b'\x00\x00\x00\x00\x06\x00\x00\x00\x04\x06\x00%edoras"Home of the Golden Hall of Meduseld"'"
2024-12-10 12:13:40,430 - IRCServer[17292] - INFO - Received msg from Host ID #6 "b'\x00\x00\x00\x00\x06\x00\x00\x00\x04\x06\x00%edoras"Home of the Golden Hall of Meduseld"'"
2024-12-10 12:13:40,435 - IRCServer[17292] - INFO - Received msg from Host ID #4 "b'\x00\x00\x00\x00\x04\x00\x00\x00\x06\n\x00\x11lothlorien"The Golden Wood"'"
2024-12-10 12:13:40,442 - IRCServer[17292] - INFO - Sending message to Host ID #1 "b'\x00\x00\x00\x00\x06\x00\x00\x00\x02\x06\x00%edoras"Home of the Golden Hall of Meduseld"'"
2024-12-10 12:13:40,447 - IRCServer[17292] - INFO - Received msg from Host ID #2 "b'\x00\x00\x00\x00\x02\x00\x00\x00\x04\t\x00\x0frivendale"Elronds House"'"
2024-12-10 12:13:40,453 - IRCServer[17292] - INFO - Sending message to Host ID #5 "b'\x00\x00\x00\x00\x06\x00\x00\x00\x02\x06\x00%edoras"Home of the Golden Hall of Meduseld"'"
2024-12-10 12:13:40,458 - IRCServer[17292] - INFO - Received msg from Host ID #1 "b'\x00\x00\x00\x00\x01\x00\x00\x00\x04\x08\x00\x15theshire"Home of the Hobbits"'"
2024-12-10 12:13:40,461 - IRCServer[17292] - INFO - Received msg from Host ID #6 "b'\x00\x00\x00\x00\x06\x00\x00\x00\x02\x06\x00%edoras"Home of the Golden Hall of Meduseld"'"
2024-12-10 12:13:40,463 - IRCServer[17292] - INFO - Received msg from Host ID #6 "b'\x00\x00\x00\x00\x06\x00\x00\x00\x02\x06\x00%edoras"Home of the Golden Hall of Meduseld"'"
2024-12-10 12:13:40,466 - IRCServer[17292] - INFO - Received msg from Host ID #3 "b'\x00\x00\x00\x00\x03\x00\x00\x00\x04\x0b\x00\x1cgrey_havens"Gates to the Blessed Realm"'"
2024-12-10 12:13:40,476 - IRCServer[17292] - INFO - Sending message to Host ID #3 "b'\x00\x00\x00\x00\x06\x00\x00\x00\x01\x06\x00%edoras"Home of the Golden Hall of Meduseld"'"
2024-12-10 12:13:40,478 - IRCServer[17292] - INFO - Received msg from Host ID #5 "b'\x00\x00\x00\x00\x05\x00\x00\x00\x04\x05\x00\x0fmoria"The Black Pit"'"
2024-12-10 12:13:40,484 - IRCServer[17292] - INFO - Received msg from Host ID #6 "b'\x00\x00\x00\x00\x06\x00\x00\x00\x01\x06\x00%edoras"Home of the Golden Hall of Meduseld"'"
2024-12-10 12:13:40,637 - IRCServer[17292] - INFO - Launching server minastirith...
2024-12-10 12:13:40,645 - IRCServer[17292] - INFO - Configuring the server socket...
2024-12-10 12:13:40,658 - IRCServer[17292] - INFO - Connecting to remote server lothlorien:32204...
2024-12-10 12:13:40,677 - IRCServer[17292] - INFO - Listening for new connections on port 32207
2024-12-10 12:13:40,688 - IRCServer[17292] - INFO - Received msg from Host ID #7 "b'\x00\x00\x00\x00\x07\x00\x00\x00\x00\x0b\x00\x10minastirith"Tower of Guard"'"
2024-12-10 12:13:40,700 - IRCServer[17292] - INFO - Sending message to Host ID #2 "b'\x00\x00\x00\x00\x07\x00\x00\x00\x04\x0b\x00\x10minastirith"Tower of Guard"'"
2024-12-10 12:13:40,706 - IRCServer[17292] - INFO - Sending message to Host ID #6 "b'\x00\x00\x00\x00\x07\x00\x00\x00\x04\x0b\x00\x10minastirith"Tower of Guard"'"
2024-12-10 12:13:40,714 - IRCServer[17292] - INFO - Received msg from Host ID #7 "b'\x00\x00\x00\x00\x07\x00\x00\x00\x04\x0b\x00\x10minastirith"Tower of Guard"'"
2024-12-10 12:13:40,715 - IRCServer[17292] - INFO - Received msg from Host ID #7 "b'\x00\x00\x00\x00\x07\x00\x00\x00\x04\x0b\x00\x10minastirith"Tower of Guard"'"
2024-12-10 12:13:40,718 - IRCServer[17292] - INFO - Received msg from Host ID #4 "b'\x00\x00\x00\x00\x04\x00\x00\x00\x07\n\x00\x11lothlorien"The Golden Wood"'"
2024-12-10 12:13:40,726 - IRCServer[17292] - INFO - Sending message to Host ID #1 "b'\x00\x00\x00\x00\x07\x00\x00\x00\x02\x0b\x00\x10minastirith"Tower of Guard"'"
2024-12-10 12:13:40,726 - IRCServer[17292] - INFO - Received msg from Host ID #2 "b'\x00\x00\x00\x00\x02\x00\x00\x00\x04\t\x00\x0frivendale"Elronds House"'"
2024-12-10 12:13:40,731 - IRCServer[17292] - INFO - Sending message to Host ID #5 "b'\x00\x00\x00\x00\x07\x00\x00\x00\x02\x0b\x00\x10minastirith"Tower of Guard"'"
2024-12-10 12:13:40,737 - IRCServer[17292] - INFO - Received msg from Host ID #1 "b'\x00\x00\x00\x00\x01\x00\x00\x00\x04\x08\x00\x15theshire"Home of the Hobbits"'"
2024-12-10 12:13:40,746 - IRCServer[17292] - INFO - Received msg from Host ID #7 "b'\x00\x00\x00\x00\x07\x00\x00\x00\x02\x0b\x00\x10minastirith"Tower of Guard"'"
2024-12-10 12:13:40,749 - IRCServer[17292] - INFO - Received msg from Host ID #3 "b'\x00\x00\x00\x00\x03\x00\x00\x00\x04\x0b\x00\x1cgrey_havens"Gates to the Blessed Realm"'"
2024-12-10 12:13:40,750 - IRCServer[17292] - INFO - Received msg from Host ID #7 "b'\x00\x00\x00\x00\x07\x00\x00\x00\x02\x0b\x00\x10minastirith"Tower of Guard"'"
2024-12-10 12:13:40,760 - IRCServer[17292] - INFO - Received msg from Host ID #5 "b'\x00\x00\x00\x00\x05\x00\x00\x00\x04\x05\x00\x0fmoria"The Black Pit"'"
2024-12-10 12:13:40,765 - IRCServer[17292] - INFO - Sending message to Host ID #3 "b'\x00\x00\x00\x00\x07\x00\x00\x00\x01\x0b\x00\x10minastirith"Tower of Guard"'"
2024-12-10 12:13:40,775 - IRCServer[17292] - INFO - Received msg from Host ID #6 "b'\x00\x00\x00\x00\x06\x00\x00\x00\x04\x06\x00%edoras"Home of the Golden Hall of Meduseld"'"
2024-12-10 12:13:40,778 - IRCServer[17292] - INFO - Received msg from Host ID #7 "b'\x00\x00\x00\x00\x07\x00\x00\x00\x01\x0b\x00\x10minastirith"Tower of Guard"'"
2024-12-10 12:13:40,895 - IRCServer[17292] - INFO - Launching server mirkwood...
2024-12-10 12:13:40,905 - IRCServer[17292] - INFO - Configuring the server socket...
2024-12-10 12:13:40,911 - IRCServer[17292] - INFO - Connecting to remote server rivendale:32202...
2024-12-10 12:13:40,919 - IRCServer[17292] - INFO - Listening for new connections on port 32208
2024-12-10 12:13:40,927 - IRCServer[17292] - INFO - Received msg from Host ID #8 "b'\x00\x00\x00\x00\x08\x00\x00\x00\x00\x08\x00\x15mirkwood"Wood of Greenleaves"'"
2024-12-10 12:13:40,938 - IRCServer[17292] - INFO - Sending message to Host ID #1 "b'\x00\x00\x00\x00\x08\x00\x00\x00\x02\x08\x00\x15mirkwood"Wood of Greenleaves"'"
2024-12-10 12:13:40,950 - IRCServer[17292] - INFO - Sending message to Host ID #4 "b'\x00\x00\x00\x00\x08\x00\x00\x00\x02\x08\x00\x15mirkwood"Wood of Greenleaves"'"
2024-12-10 12:13:40,962 - IRCServer[17292] - INFO - Sending message to Host ID #5 "b'\x00\x00\x00\x00\x08\x00\x00\x00\x02\x08\x00\x15mirkwood"Wood of Greenleaves"'"
2024-12-10 12:13:40,981 - IRCServer[17292] - INFO - Received msg from Host ID #8 "b'\x00\x00\x00\x00\x08\x00\x00\x00\x02\x08\x00\x15mirkwood"Wood of Greenleaves"'"
2024-12-10 12:13:40,984 - IRCServer[17292] - INFO - Received msg from Host ID #8 "b'\x00\x00\x00\x00\x08\x00\x00\x00\x02\x08\x00\x15mirkwood"Wood of Greenleaves"'"
2024-12-10 12:13:40,986 - IRCServer[17292] - INFO - Received msg from Host ID #2 "b'\x00\x00\x00\x00\x02\x00\x00\x00\x08\t\x00\x0frivendale"Elronds House"'"
2024-12-10 12:13:40,989 - IRCServer[17292] - INFO - Received msg from Host ID #8 "b'\x00\x00\x00\x00\x08\x00\x00\x00\x02\x08\x00\x15mirkwood"Wood of Greenleaves"'"
2024-12-10 12:13:40,998 - IRCServer[17292] - INFO - Sending message to Host ID #3 "b'\x00\x00\x00\x00\x08\x00\x00\x00\x01\x08\x00\x15mirkwood"Wood of Greenleaves"'"
2024-12-10 12:13:41,001 - IRCServer[17292] - INFO - Sending message to Host ID #6 "b'\x00\x00\x00\x00\x08\x00\x00\x00\x04\x08\x00\x15mirkwood"Wood of Greenleaves"'"
2024-12-10 12:13:41,003 - IRCServer[17292] - INFO - Received msg from Host ID #1 "b'\x00\x00\x00\x00\x01\x00\x00\x00\x02\x08\x00\x15theshire"Home of the Hobbits"'"
2024-12-10 12:13:41,013 - IRCServer[17292] - INFO - Received msg from Host ID #8 "b'\x00\x00\x00\x00\x08\x00\x00\x00\x01\x08\x00\x15mirkwood"Wood of Greenleaves"'"
2024-12-10 12:13:41,020 - IRCServer[17292] - INFO - Sending message to Host ID #7 "b'\x00\x00\x00\x00\x08\x00\x00\x00\x04\x08\x00\x15mirkwood"Wood of Greenleaves"'"
2024-12-10 12:13:41,026 - IRCServer[17292] - INFO - Received msg from Host ID #3 "b'\x00\x00\x00\x00\x03\x00\x00\x00\x02\x0b\x00\x1cgrey_havens"Gates to the Blessed Realm"'"
2024-12-10 12:13:41,036 - IRCServer[17292] - INFO - Received msg from Host ID #8 "b'\x00\x00\x00\x00\x08\x00\x00\x00\x04\x08\x00\x15mirkwood"Wood of Greenleaves"'"
2024-12-10 12:13:41,038 - IRCServer[17292] - INFO - Received msg from Host ID #4 "b'\x00\x00\x00\x00\x04\x00\x00\x00\x02\n\x00\x11lothlorien"The Golden Wood"'"
2024-12-10 12:13:41,040 - IRCServer[17292] - INFO - Received msg from Host ID #8 "b'\x00\x00\x00\x00\x08\x00\x00\x00\x04\x08\x00\x15mirkwood"Wood of Greenleaves"'"
2024-12-10 12:13:41,050 - IRCServer[17292] - INFO - Received msg from Host ID #5 "b'\x00\x00\x00\x00\x05\x00\x00\x00\x02\x05\x00\x0fmoria"The Black Pit"'"
2024-12-10 12:13:41,067 - IRCServer[17292] - INFO - Received msg from Host ID #6 "b'\x00\x00\x00\x00\x06\x00\x00\x00\x02\x06\x00%edoras"Home of the Golden Hall of Meduseld"'"
2024-12-10 12:13:41,079 - IRCServer[17292] - INFO - Received msg from Host ID #7 "b'\x00\x00\x00\x00\x07\x00\x00\x00\x02\x0b\x00\x10minastirith"Tower of Guard"'"
2024-12-10 12:13:41,157 - IRCServer[17292] - INFO - Launching server isengard...
2024-12-10 12:13:41,175 - IRCServer[17292] - INFO - Configuring the server socket...
2024-12-10 12:13:41,190 - IRCServer[17292] - INFO - Connecting to remote server edoras:32206...
2024-12-10 12:13:41,211 - IRCServer[17292] - INFO - Listening for new connections on port 32209
2024-12-10 12:13:41,224 - IRCServer[17292] - INFO - Received msg from Host ID #9 "b'\x00\x00\x00\x00\t\x00\x00\x00\x00\x08\x00\x1disengard"Angrenost, The Iron Fortres"'"
2024-12-10 12:13:41,247 - IRCServer[17292] - INFO - Sending message to Host ID #4 "b'\x00\x00\x00\x00\t\x00\x00\x00\x06\x08\x00\x1disengard"Angrenost, The Iron Fortres"'"
2024-12-10 12:13:41,262 - IRCServer[17292] - INFO - Received msg from Host ID #9 "b'\x00\x00\x00\x00\t\x00\x00\x00\x06\x08\x00\x1disengard"Angrenost, The Iron Fortres"'"
2024-12-10 12:13:41,264 - IRCServer[17292] - INFO - Received msg from Host ID #6 "b'\x00\x00\x00\x00\x06\x00\x00\x00\t\x06\x00%edoras"Home of the Golden Hall of Meduseld"'"
2024-12-10 12:13:41,279 - IRCServer[17292] - INFO - Sending message to Host ID #2 "b'\x00\x00\x00\x00\t\x00\x00\x00\x04\x08\x00\x1disengard"Angrenost, The Iron Fortres"'"
2024-12-10 12:13:41,282 - IRCServer[17292] - INFO - Received msg from Host ID #4 "b'\x00\x00\x00\x00\x04\x00\x00\x00\x06\n\x00\x11lothlorien"The Golden Wood"'"
2024-12-10 12:13:41,293 - IRCServer[17292] - INFO - Sending message to Host ID #7 "b'\x00\x00\x00\x00\t\x00\x00\x00\x04\x08\x00\x1disengard"Angrenost, The Iron Fortres"'"
2024-12-10 12:13:41,299 - IRCServer[17292] - INFO - Received msg from Host ID #2 "b'\x00\x00\x00\x00\x02\x00\x00\x00\x06\t\x00\x0frivendale"Elronds House"'"
2024-12-10 12:13:41,315 - IRCServer[17292] - INFO - Received msg from Host ID #9 "b'\x00\x00\x00\x00\t\x00\x00\x00\x04\x08\x00\x1disengard"Angrenost, The Iron Fortres"'"
2024-12-10 12:13:41,319 - IRCServer[17292] - INFO - Received msg from Host ID #1 "b'\x00\x00\x00\x00\x01\x00\x00\x00\x06\x08\x00\x15theshire"Home of the Hobbits"'"
2024-12-10 12:13:41,323 - IRCServer[17292] - INFO - Received msg from Host ID #9 "b'\x00\x00\x00\x00\t\x00\x00\x00\x04\x08\x00\x1disengard"Angrenost, The Iron Fortres"'"
2024-12-10 12:13:41,337 - IRCServer[17292] - INFO - Received msg from Host ID #3 "b'\x00\x00\x00\x00\x03\x00\x00\x00\x06\x0b\x00\x1cgrey_havens"Gates to the Blessed Realm"'"
2024-12-10 12:13:41,341 - IRCServer[17292] - INFO - Sending message to Host ID #1 "b'\x00\x00\x00\x00\t\x00\x00\x00\x02\x08\x00\x1disengard"Angrenost, The Iron Fortres"'"
2024-12-10 12:13:41,360 - IRCServer[17292] - INFO - Received msg from Host ID #5 "b'\x00\x00\x00\x00\x05\x00\x00\x00\x06\x05\x00\x0fmoria"The Black Pit"'"
2024-12-10 12:13:41,363 - IRCServer[17292] - INFO - Sending message to Host ID #5 "b'\x00\x00\x00\x00\t\x00\x00\x00\x02\x08\x00\x1disengard"Angrenost, The Iron Fortres"'"
2024-12-10 12:13:41,383 - IRCServer[17292] - INFO - Received msg from Host ID #7 "b'\x00\x00\x00\x00\x07\x00\x00\x00\x06\x0b\x00\x10minastirith"Tower of Guard"'"
2024-12-10 12:13:41,384 - IRCServer[17292] - INFO - Sending message to Host ID #8 "b'\x00\x00\x00\x00\t\x00\x00\x00\x02\x08\x00\x1disengard"Angrenost, The Iron Fortres"'"
2024-12-10 12:13:41,397 - IRCServer[17292] - INFO - Received msg from Host ID #8 "b'\x00\x00\x00\x00\x08\x00\x00\x00\x06\x08\x00\x15mirkwood"Wood of Greenleaves"'"
2024-12-10 12:13:41,402 - IRCServer[17292] - INFO - Received msg from Host ID #9 "b'\x00\x00\x00\x00\t\x00\x00\x00\x02\x08\x00\x1disengard"Angrenost, The Iron Fortres"'"
2024-12-10 12:13:41,406 - IRCServer[17292] - INFO - Received msg from Host ID #9 "b'\x00\x00\x00\x00\t\x00\x00\x00\x02\x08\x00\x1disengard"Angrenost, The Iron Fortres"'"
2024-12-10 12:13:41,409 - IRCServer[17292] - INFO - Received msg from Host ID #9 "b'\x00\x00\x00\x00\t\x00\x00\x00\x02\x08\x00\x1disengard"Angrenost, The Iron Fortres"'"
2024-12-10 12:13:41,426 - IRCServer[17292] - INFO - Launching server osgiliath...
2024-12-10 12:13:41,434 - IRCServer[17292] - INFO - Sending message to Host ID #3 "b'\x00\x00\x00\x00\t\x00\x00\x00\x01\x08\x00\x1disengard"Angrenost, The Iron Fortres"'"
2024-12-10 12:13:41,450 - IRCServer[17292] - INFO - Configuring the server socket...
2024-12-10 12:13:41,457 - IRCServer[17292] - INFO - Received msg from Host ID #9 "b'\x00\x00\x00\x00\t\x00\x00\x00\x01\x08\x00\x1disengard"Angrenost, The Iron Fortres"'"
2024-12-10 12:13:41,475 - IRCServer[17292] - INFO - Connecting to remote server minastirith:32207...
2024-12-10 12:13:41,497 - IRCServer[17292] - INFO - Listening for new connections on port 32210
2024-12-10 12:13:41,523 - IRCServer[17292] - INFO - Received msg from Host ID #10 "b'\x00\x00\x00\x00\n\x00\x00\x00\x00\t\x00\x16osgiliath"Citadel of the Stars"'"
2024-12-10 12:13:41,538 - IRCServer[17292] - INFO - Sending message to Host ID #4 "b'\x00\x00\x00\x00\n\x00\x00\x00\x07\t\x00\x16osgiliath"Citadel of the Stars"'"
2024-12-10 12:13:41,554 - IRCServer[17292] - INFO - Received msg from Host ID #10 "b'\x00\x00\x00\x00\n\x00\x00\x00\x07\t\x00\x16osgiliath"Citadel of the Stars"'"
2024-12-10 12:13:41,557 - IRCServer[17292] - INFO - Received msg from Host ID #7 "b'\x00\x00\x00\x00\x07\x00\x00\x00\n\x0b\x00\x10minastirith"Tower of Guard"'"
2024-12-10 12:13:41,569 - IRCServer[17292] - INFO - Sending message to Host ID #2 "b'\x00\x00\x00\x00\n\x00\x00\x00\x04\t\x00\x16osgiliath"Citadel of the Stars"'"
2024-12-10 12:13:41,573 - IRCServer[17292] - INFO - Received msg from Host ID #4 "b'\x00\x00\x00\x00\x04\x00\x00\x00\x07\n\x00\x11lothlorien"The Golden Wood"'"
2024-12-10 12:13:41,592 - IRCServer[17292] - INFO - Sending message to Host ID #6 "b'\x00\x00\x00\x00\n\x00\x00\x00\x04\t\x00\x16osgiliath"Citadel of the Stars"'"
2024-12-10 12:13:41,599 - IRCServer[17292] - INFO - Received msg from Host ID #2 "b'\x00\x00\x00\x00\x02\x00\x00\x00\x07\t\x00\x0frivendale"Elronds House"'"
2024-12-10 12:13:41,609 - IRCServer[17292] - INFO - Received msg from Host ID #10 "b'\x00\x00\x00\x00\n\x00\x00\x00\x04\t\x00\x16osgiliath"Citadel of the Stars"'"
2024-12-10 12:13:41,611 - IRCServer[17292] - INFO - Received msg from Host ID #10 "b'\x00\x00\x00\x00\n\x00\x00\x00\x04\t\x00\x16osgiliath"Citadel of the Stars"'"
2024-12-10 12:13:41,615 - IRCServer[17292] - INFO - Received msg from Host ID #1 "b'\x00\x00\x00\x00\x01\x00\x00\x00\x07\x08\x00\x15theshire"Home of the Hobbits"'"
2024-12-10 12:13:41,621 - IRCServer[17292] - INFO - Sending message to Host ID #9 "b'\x00\x00\x00\x00\n\x00\x00\x00\x06\t\x00\x16osgiliath"Citadel of the Stars"'"
2024-12-10 12:13:41,630 - IRCServer[17292] - INFO - Sending message to Host ID #1 "b'\x00\x00\x00\x00\n\x00\x00\x00\x02\t\x00\x16osgiliath"Citadel of the Stars"'"
2024-12-10 12:13:41,640 - IRCServer[17292] - INFO - Received msg from Host ID #3 "b'\x00\x00\x00\x00\x03\x00\x00\x00\x07\x0b\x00\x1cgrey_havens"Gates to the Blessed Realm"'"
2024-12-10 12:13:41,650 - IRCServer[17292] - INFO - Received msg from Host ID #10 "b'\x00\x00\x00\x00\n\x00\x00\x00\x06\t\x00\x16osgiliath"Citadel of the Stars"'"
2024-12-10 12:13:41,657 - IRCServer[17292] - INFO - Sending message to Host ID #5 "b'\x00\x00\x00\x00\n\x00\x00\x00\x02\t\x00\x16osgiliath"Citadel of the Stars"'"
2024-12-10 12:13:41,660 - IRCServer[17292] - INFO - Received msg from Host ID #5 "b'\x00\x00\x00\x00\x05\x00\x00\x00\x07\x05\x00\x0fmoria"The Black Pit"'"
2024-12-10 12:13:41,671 - IRCServer[17292] - INFO - Sending message to Host ID #8 "b'\x00\x00\x00\x00\n\x00\x00\x00\x02\t\x00\x16osgiliath"Citadel of the Stars"'"
2024-12-10 12:13:41,676 - IRCServer[17292] - INFO - Received msg from Host ID #6 "b'\x00\x00\x00\x00\x06\x00\x00\x00\x07\x06\x00%edoras"Home of the Golden Hall of Meduseld"'"
2024-12-10 12:13:41,695 - IRCServer[17292] - INFO - Launching server barad-dur...
2024-12-10 12:13:41,699 - IRCServer[17292] - INFO - Received msg from Host ID #10 "b'\x00\x00\x00\x00\n\x00\x00\x00\x02\t\x00\x16osgiliath"Citadel of the Stars"'"
2024-12-10 12:13:41,702 - IRCServer[17292] - INFO - Received msg from Host ID #10 "b'\x00\x00\x00\x00\n\x00\x00\x00\x02\t\x00\x16osgiliath"Citadel of the Stars"'"
2024-12-10 12:13:41,708 - IRCServer[17292] - INFO - Received msg from Host ID #8 "b'\x00\x00\x00\x00\x08\x00\x00\x00\x07\x08\x00\x15mirkwood"Wood of Greenleaves"'"
2024-12-10 12:13:41,713 - IRCServer[17292] - INFO - Received msg from Host ID #10 "b'\x00\x00\x00\x00\n\x00\x00\x00\x02\t\x00\x16osgiliath"Citadel of the Stars"'"
2024-12-10 12:13:41,719 - IRCServer[17292] - INFO - Configuring the server socket...
2024-12-10 12:13:41,730 - IRCServer[17292] - INFO - Sending message to Host ID #3 "b'\x00\x00\x00\x00\n\x00\x00\x00\x01\t\x00\x16osgiliath"Citadel of the Stars"'"
2024-12-10 12:13:41,732 - IRCServer[17292] - INFO - Received msg from Host ID #9 "b'\x00\x00\x00\x00\t\x00\x00\x00\x07\x08\x00\x1disengard"Angrenost, The Iron Fortres"'"
2024-12-10 12:13:41,742 - IRCServer[17292] - INFO - Connecting to remote server minastirith:32207...
2024-12-10 12:13:41,746 - IRCServer[17292] - INFO - Received msg from Host ID #10 "b'\x00\x00\x00\x00\n\x00\x00\x00\x01\t\x00\x16osgiliath"Citadel of the Stars"'"
2024-12-10 12:13:41,771 - IRCServer[17292] - INFO - Listening for new connections on port 32211
2024-12-10 12:13:41,790 - IRCServer[17292] - INFO - Received msg from Host ID #11 "b'\x00\x00\x00\x00\x0b\x00\x00\x00\x00\t\x00\x10barad-dur"The Dark Tower"'"
2024-12-10 12:13:41,817 - IRCServer[17292] - INFO - Sending message to Host ID #4 "b'\x00\x00\x00\x00\x0b\x00\x00\x00\x07\t\x00\x10barad-dur"The Dark Tower"'"
2024-12-10 12:13:41,840 - IRCServer[17292] - INFO - Sending message to Host ID #10 "b'\x00\x00\x00\x00\x0b\x00\x00\x00\x07\t\x00\x10barad-dur"The Dark Tower"'"
2024-12-10 12:13:41,859 - IRCServer[17292] - INFO - Received msg from Host ID #11 "b'\x00\x00\x00\x00\x0b\x00\x00\x00\x07\t\x00\x10barad-dur"The Dark Tower"'"
2024-12-10 12:13:41,862 - IRCServer[17292] - INFO - Received msg from Host ID #7 "b'\x00\x00\x00\x00\x07\x00\x00\x00\x0b\x0b\x00\x10minastirith"Tower of Guard"'"
2024-12-10 12:13:41,868 - IRCServer[17292] - INFO - Received msg from Host ID #11 "b'\x00\x00\x00\x00\x0b\x00\x00\x00\x07\t\x00\x10barad-dur"The Dark Tower"'"
2024-12-10 12:13:41,879 - IRCServer[17292] - INFO - Sending message to Host ID #2 "b'\x00\x00\x00\x00\x0b\x00\x00\x00\x04\t\x00\x10barad-dur"The Dark Tower"'"
2024-12-10 12:13:41,889 - IRCServer[17292] - INFO - Received msg from Host ID #4 "b'\x00\x00\x00\x00\x04\x00\x00\x00\x07\n\x00\x11lothlorien"The Golden Wood"'"
2024-12-10 12:13:41,906 - IRCServer[17292] - INFO - Sending message to Host ID #6 "b'\x00\x00\x00\x00\x0b\x00\x00\x00\x04\t\x00\x10barad-dur"The Dark Tower"'"
2024-12-10 12:13:41,909 - IRCServer[17292] - INFO - Received msg from Host ID #2 "b'\x00\x00\x00\x00\x02\x00\x00\x00\x07\t\x00\x0frivendale"Elronds House"'"
2024-12-10 12:13:41,923 - IRCServer[17292] - INFO - Received msg from Host ID #11 "b'\x00\x00\x00\x00\x0b\x00\x00\x00\x04\t\x00\x10barad-dur"The Dark Tower"'"
2024-12-10 12:13:41,925 - IRCServer[17292] - INFO - Received msg from Host ID #11 "b'\x00\x00\x00\x00\x0b\x00\x00\x00\x04\t\x00\x10barad-dur"The Dark Tower"'"
2024-12-10 12:13:41,930 - IRCServer[17292] - INFO - Received msg from Host ID #1 "b'\x00\x00\x00\x00\x01\x00\x00\x00\x07\x08\x00\x15theshire"Home of the Hobbits"'"
2024-12-10 12:13:41,939 - IRCServer[17292] - INFO - Sending message to Host ID #9 "b'\x00\x00\x00\x00\x0b\x00\x00\x00\x06\t\x00\x10barad-dur"The Dark Tower"'"
2024-12-10 12:13:41,953 - IRCServer[17292] - INFO - Sending message to Host ID #1 "b'\x00\x00\x00\x00\x0b\x00\x00\x00\x02\t\x00\x10barad-dur"The Dark Tower"'"
2024-12-10 12:13:41,956 - IRCServer[17292] - INFO - Received msg from Host ID #3 "b'\x00\x00\x00\x00\x03\x00\x00\x00\x07\x0b\x00\x1cgrey_havens"Gates to the Blessed Realm"'"
2024-12-10 12:13:41,970 - IRCServer[17292] - INFO - Received msg from Host ID #11 "b'\x00\x00\x00\x00\x0b\x00\x00\x00\x06\t\x00\x10barad-dur"The Dark Tower"'"
2024-12-10 12:13:41,973 - IRCServer[17292] - INFO - Sending message to Host ID #5 "b'\x00\x00\x00\x00\x0b\x00\x00\x00\x02\t\x00\x10barad-dur"The Dark Tower"'"
2024-12-10 12:13:41,981 - IRCServer[17292] - INFO - Received msg from Host ID #5 "b'\x00\x00\x00\x00\x05\x00\x00\x00\x07\x05\x00\x0fmoria"The Black Pit"'"
2024-12-10 12:13:41,996 - IRCServer[17292] - INFO - Sending message to Host ID #8 "b'\x00\x00\x00\x00\x0b\x00\x00\x00\x02\t\x00\x10barad-dur"The Dark Tower"'"
2024-12-10 12:13:42,002 - IRCServer[17292] - INFO - Received msg from Host ID #6 "b'\x00\x00\x00\x00\x06\x00\x00\x00\x07\x06\x00%edoras"Home of the Golden Hall of Meduseld"'"
2024-12-10 12:13:42,018 - IRCServer[17292] - INFO - Received msg from Host ID #11 "b'\x00\x00\x00\x00\x0b\x00\x00\x00\x02\t\x00\x10barad-dur"The Dark Tower"'"
2024-12-10 12:13:42,021 - IRCServer[17292] - INFO - Received msg from Host ID #8 "b'\x00\x00\x00\x00\x08\x00\x00\x00\x07\x08\x00\x15mirkwood"Wood of Greenleaves"'"
2024-12-10 12:13:42,023 - IRCServer[17292] - INFO - Received msg from Host ID #11 "b'\x00\x00\x00\x00\x0b\x00\x00\x00\x02\t\x00\x10barad-dur"The Dark Tower"'"
2024-12-10 12:13:42,025 - IRCServer[17292] - INFO - Received msg from Host ID #11 "b'\x00\x00\x00\x00\x0b\x00\x00\x00\x02\t\x00\x10barad-dur"The Dark Tower"'"
2024-12-10 12:13:42,045 - IRCServer[17292] - INFO - Received msg from Host ID #9 "b'\x00\x00\x00\x00\t\x00\x00\x00\x07\x08\x00\x1disengard"Angrenost, The Iron Fortres"'"
2024-12-10 12:13:42,049 - IRCServer[17292] - INFO - Sending message to Host ID #3 "b'\x00\x00\x00\x00\x0b\x00\x00\x00\x01\t\x00\x10barad-dur"The Dark Tower"'"
2024-12-10 12:13:42,064 - IRCServer[17292] - INFO - Received msg from Host ID #10 "b'\x00\x00\x00\x00\n\x00\x00\x00\x07\t\x00\x16osgiliath"Citadel of the Stars"'"
2024-12-10 12:13:42,069 - IRCServer[17292] - INFO - Received msg from Host ID #11 "b'\x00\x00\x00\x00\x0b\x00\x00\x00\x01\t\x00\x10barad-dur"The Dark Tower"'"
