2024-12-10 12:13:01,222 - IRCServer[6288] - INFO - Launching client meriadoc...
2024-12-10 12:13:01,256 - IRCServer[6288] - INFO - Sending message to b'\x80\x00\x00\x00j\x00\x00\x00\x00\x08\x00\x0bmeriadoc"Test info"'
2024-12-10 12:13:01,301 - IRCServer[6288] - INFO - Received msg from Host ID #106 "b'\x80\x00\x00\x00j\x00\x00\x00\x00\x08\x00\x0bmeriadoc"Test info"'"
2024-12-10 12:13:01,333 - IRCServer[6288] - INFO - Sending message to Host ID #4 "b'\x80\x00\x00\x00j\x00\x00\x00\x06\x08\x00\x0bmeriadoc"Test info"'"
2024-12-10 12:13:01,369 - IRCServer[6288] - INFO - Received message from Host ID #6 "b'\x01\x00\x00\x00\x06\x00\x00\x00j\x00\x00\x00\x00\x002Welcome to the Clemson Relay Chat network meriadoc'"
2024-12-10 12:13:01,375 - IRCServer[6288] - INFO - Received msg from Host ID #106 "b'\x80\x00\x00\x00j\x00\x00\x00\x06\x08\x00\x0bmeriadoc"Test info"'"
2024-12-10 12:13:01,409 - IRCServer[6288] - INFO - Received message from Host ID #101 "b'\x80\x00\x00\x00e\x00\x00\x00\x06\x0c\x00\x0bfrodobaggins"Test info"'"
2024-12-10 12:13:01,414 - IRCServer[6288] - INFO - Sending message to Host ID #2 "b'\x80\x00\x00\x00j\x00\x00\x00\x04\x08\x00\x0bmeriadoc"Test info"'"
2024-12-10 12:13:01,459 - IRCServer[6288] - INFO - Received message from Host ID #102 "b'\x80\x00\x00\x00f\x00\x00\x00\x06\t\x00\x0bsamgamgee"Test info"'"
2024-12-10 12:13:01,467 - IRCServer[6288] - INFO - Sending message to Host ID #7 "b'\x80\x00\x00\x00j\x00\x00\x00\x04\x08\x00\x0bmeriadoc"Test info"'"
2024-12-10 12:13:01,506 - IRCServer[6288] - INFO - Received message from Host ID #103 "b'\x80\x00\x00\x00g\x00\x00\x00\x06\x06\x00\x0belrond"Test info"'"
2024-12-10 12:13:01,513 - IRCServer[6288] - INFO - Received msg from Host ID #106 "b'\x80\x00\x00\x00j\x00\x00\x00\x04\x08\x00\x0bmeriadoc"Test info"'"
2024-12-10 12:13:01,518 - IRCServer[6288] - INFO - Received msg from Host ID #106 "b'\x80\x00\x00\x00j\x00\x00\x00\x04\x08\x00\x0bmeriadoc"Test info"'"
2024-12-10 12:13:01,540 - IRCServer[6288] - INFO - Received message from Host ID #104 "b'\x80\x00\x00\x00h\x00\x00\x00\x06\x0c\x00\x0bbilbobaggins"Test info"'"
2024-12-10 12:13:01,555 - IRCServer[6288] - INFO - Sending message to Host ID #1 "b'\x80\x00\x00\x00j\x00\x00\x00\x02\x08\x00\x0bmeriadoc"Test info"'"
2024-12-10 12:13:01,560 - IRCServer[6288] - INFO - Sending message to Host ID #105 "b'\x80\x00\x00\x00j\x00\x00\x00\x07\x08\x00\x0bmeriadoc"Test info"'"
2024-12-10 12:13:01,580 - IRCServer[6288] - INFO - Received message from Host ID #105 "b'\x80\x00\x00\x00i\x00\x00\x00\x06\x08\x00\x0bperegrin"Test info"'"
2024-12-10 12:13:01,597 - IRCServer[6288] - INFO - Sending message to Host ID #5 "b'\x80\x00\x00\x00j\x00\x00\x00\x02\x08\x00\x0bmeriadoc"Test info"'"
2024-12-10 12:13:01,605 - IRCServer[6288] - INFO - Received message from Host ID #106 "b'\x80\x00\x00\x00j\x00\x00\x00\x07\x08\x00\x0bmeriadoc"Test info"'"
2024-12-10 12:13:01,643 - IRCServer[6288] - INFO - Sending message to Host ID #8 "b'\x80\x00\x00\x00j\x00\x00\x00\x02\x08\x00\x0bmeriadoc"Test info"'"
2024-12-10 12:13:01,675 - IRCServer[6288] - INFO - Sending message to Host ID #103 "b'\x80\x00\x00\x00j\x00\x00\x00\x02\x08\x00\x0bmeriadoc"Test info"'"
2024-12-10 12:13:01,712 - IRCServer[6288] - INFO - Received msg from Host ID #106 "b'\x80\x00\x00\x00j\x00\x00\x00\x02\x08\x00\x0bmeriadoc"Test info"'"
2024-12-10 12:13:01,714 - IRCServer[6288] - INFO - Received msg from Host ID #106 "b'\x80\x00\x00\x00j\x00\x00\x00\x02\x08\x00\x0bmeriadoc"Test info"'"
2024-12-10 12:13:01,720 - IRCServer[6288] - INFO - Received message from Host ID #106 "b'\x80\x00\x00\x00j\x00\x00\x00\x02\x08\x00\x0bmeriadoc"Test info"'"
2024-12-10 12:13:01,722 - IRCServer[6288] - INFO - Received msg from Host ID #106 "b'\x80\x00\x00\x00j\x00\x00\x00\x02\x08\x00\x0bmeriadoc"Test info"'"
2024-12-10 12:13:01,758 - IRCServer[6288] - INFO - Sending message to Host ID #3 "b'\x80\x00\x00\x00j\x00\x00\x00\x01\x08\x00\x0bmeriadoc"Test info"'"
2024-12-10 12:13:01,770 - IRCServer[6288] - INFO - Sending message to Host ID #101 "b'\x80\x00\x00\x00j\x00\x00\x00\x01\x08\x00\x0bmeriadoc"Test info"'"
2024-12-10 12:13:01,799 - IRCServer[6288] - INFO - Sending message to Host ID #102 "b'\x80\x00\x00\x00j\x00\x00\x00\x01\x08\x00\x0bmeriadoc"Test info"'"
2024-12-10 12:13:01,840 - IRCServer[6288] - INFO - Received message from Host ID #106 "b'\x80\x00\x00\x00j\x00\x00\x00\x01\x08\x00\x0bmeriadoc"Test info"'"
2024-12-10 12:13:01,842 - IRCServer[6288] - INFO - Received message from Host ID #106 "b'\x80\x00\x00\x00j\x00\x00\x00\x01\x08\x00\x0bmeriadoc"Test info"'"
2024-12-10 12:13:01,848 - IRCServer[6288] - INFO - Received msg from Host ID #106 "b'\x80\x00\x00\x00j\x00\x00\x00\x01\x08\x00\x0bmeriadoc"Test info"'"
2024-12-10 12:13:01,889 - IRCServer[6288] - INFO - Sending message to Host ID #104 "b'\x80\x00\x00\x00j\x00\x00\x00\x03\x08\x00\x0bmeriadoc"Test info"'"
2024-12-10 12:13:01,929 - IRCServer[6288] - INFO - Received message from Host ID #106 "b'\x80\x00\x00\x00j\x00\x00\x00\x03\x08\x00\x0bmeriadoc"Test info"'"
2024-12-10 12:13:02,250 - IRCServer[6288] - INFO - Launching server isengard...
2024-12-10 12:13:02,303 - IRCServer[6288] - INFO - Configuring the server socket...
2024-12-10 12:13:02,371 - IRCServer[6288] - INFO - Connecting to remote server edoras:33406...
2024-12-10 12:13:02,430 - IRCServer[6288] - INFO - Listening for new connections on port 33409
2024-12-10 12:13:02,483 - IRCServer[6288] - INFO - Received msg from Host ID #9 "b'\x00\x00\x00\x00\t\x00\x00\x00\x00\x08\x00\x1disengard"Angrenost, The Iron Fortres"'"
2024-12-10 12:13:02,535 - IRCServer[6288] - INFO - Sending message to Host ID #4 "b'\x00\x00\x00\x00\t\x00\x00\x00\x06\x08\x00\x1disengard"Angrenost, The Iron Fortres"'"
2024-12-10 12:13:02,575 - IRCServer[6288] - INFO - Received msg from Host ID #6 "b'\x00\x00\x00\x00\x06\x00\x00\x00\t\x06\x00%edoras"Home of the Golden Hall of Meduseld"'"
2024-12-10 12:13:02,577 - IRCServer[6288] - INFO - Received msg from Host ID #9 "b'\x00\x00\x00\x00\t\x00\x00\x00\x06\x08\x00\x1disengard"Angrenost, The Iron Fortres"'"
2024-12-10 12:13:02,623 - IRCServer[6288] - INFO - Received msg from Host ID #4 "b'\x00\x00\x00\x00\x04\x00\x00\x00\x06\n\x00\x11lothlorien"The Golden Wood"'"
2024-12-10 12:13:02,632 - IRCServer[6288] - INFO - Sending message to Host ID #2 "b'\x00\x00\x00\x00\t\x00\x00\x00\x04\x08\x00\x1disengard"Angrenost, The Iron Fortres"'"
2024-12-10 12:13:02,676 - IRCServer[6288] - INFO - Received msg from Host ID #2 "b'\x00\x00\x00\x00\x02\x00\x00\x00\x06\t\x00\x0frivendale"Elronds House"'"
2024-12-10 12:13:02,690 - IRCServer[6288] - INFO - Sending message to Host ID #7 "b'\x00\x00\x00\x00\t\x00\x00\x00\x04\x08\x00\x1disengard"Angrenost, The Iron Fortres"'"
2024-12-10 12:13:02,735 - IRCServer[6288] - INFO - Received msg from Host ID #1 "b'\x00\x00\x00\x00\x01\x00\x00\x00\x06\x08\x00\x15theshire"Home of the Hobbits"'"
2024-12-10 12:13:02,741 - IRCServer[6288] - INFO - Received msg from Host ID #9 "b'\x00\x00\x00\x00\t\x00\x00\x00\x04\x08\x00\x1disengard"Angrenost, The Iron Fortres"'"
2024-12-10 12:13:02,745 - IRCServer[6288] - INFO - Received msg from Host ID #9 "b'\x00\x00\x00\x00\t\x00\x00\x00\x04\x08\x00\x1disengard"Angrenost, The Iron Fortres"'"
2024-12-10 12:13:02,791 - IRCServer[6288] - INFO - Received msg from Host ID #101 "b'\x80\x00\x00\x00e\x00\x00\x00\x06\x0c\x00\x0bfrodobaggins"Test info"'"
2024-12-10 12:13:02,799 - IRCServer[6288] - INFO - Sending message to Host ID #1 "b'\x00\x00\x00\x00\t\x00\x00\x00\x02\x08\x00\x1disengard"Angrenost, The Iron Fortres"'"
2024-12-10 12:13:02,841 - IRCServer[6288] - INFO - Received msg from Host ID #3 "b'\x00\x00\x00\x00\x03\x00\x00\x00\x06\x0b\x00\x1cgrey_havens"Gates to the Blessed Realm"'"
2024-12-10 12:13:02,846 - IRCServer[6288] - INFO - Sending message to Host ID #5 "b'\x00\x00\x00\x00\t\x00\x00\x00\x02\x08\x00\x1disengard"Angrenost, The Iron Fortres"'"
2024-12-10 12:13:02,890 - IRCServer[6288] - INFO - Received msg from Host ID #102 "b'\x80\x00\x00\x00f\x00\x00\x00\x06\t\x00\x0bsamgamgee"Test info"'"
2024-12-10 12:13:02,894 - IRCServer[6288] - INFO - Sending message to Host ID #8 "b'\x00\x00\x00\x00\t\x00\x00\x00\x02\x08\x00\x1disengard"Angrenost, The Iron Fortres"'"
2024-12-10 12:13:02,934 - IRCServer[6288] - INFO - Received msg from Host ID #103 "b'\x80\x00\x00\x00g\x00\x00\x00\x06\x06\x00\x0belrond"Test info"'"
2024-12-10 12:13:02,942 - IRCServer[6288] - INFO - Received msg from Host ID #9 "b'\x00\x00\x00\x00\t\x00\x00\x00\x02\x08\x00\x1disengard"Angrenost, The Iron Fortres"'"
2024-12-10 12:13:02,944 - IRCServer[6288] - INFO - Received msg from Host ID #9 "b'\x00\x00\x00\x00\t\x00\x00\x00\x02\x08\x00\x1disengard"Angrenost, The Iron Fortres"'"
2024-12-10 12:13:02,947 - IRCServer[6288] - INFO - Received msg from Host ID #9 "b'\x00\x00\x00\x00\t\x00\x00\x00\x02\x08\x00\x1disengard"Angrenost, The Iron Fortres"'"
2024-12-10 12:13:02,979 - IRCServer[6288] - INFO - Received msg from Host ID #104 "b'\x80\x00\x00\x00h\x00\x00\x00\x06\x0c\x00\x0bbilbobaggins"Test info"'"
2024-12-10 12:13:03,006 - IRCServer[6288] - INFO - Sending message to Host ID #3 "b'\x00\x00\x00\x00\t\x00\x00\x00\x01\x08\x00\x1disengard"Angrenost, The Iron Fortres"'"
2024-12-10 12:13:03,035 - IRCServer[6288] - INFO - Received msg from Host ID #5 "b'\x00\x00\x00\x00\x05\x00\x00\x00\x06\x05\x00\x0fmoria"The Black Pit"'"
2024-12-10 12:13:03,058 - IRCServer[6288] - INFO - Received msg from Host ID #9 "b'\x00\x00\x00\x00\t\x00\x00\x00\x01\x08\x00\x1disengard"Angrenost, The Iron Fortres"'"
2024-12-10 12:13:03,076 - IRCServer[6288] - INFO - Received msg from Host ID #7 "b'\x00\x00\x00\x00\x07\x00\x00\x00\x06\x0b\x00\x10minastirith"Tower of Guard"'"
2024-12-10 12:13:03,105 - IRCServer[6288] - INFO - Received msg from Host ID #105 "b'\x80\x00\x00\x00i\x00\x00\x00\x06\x08\x00\x0bperegrin"Test info"'"
2024-12-10 12:13:03,149 - IRCServer[6288] - INFO - Received msg from Host ID #8 "b'\x00\x00\x00\x00\x08\x00\x00\x00\x06\x08\x00\x15mirkwood"Wood of Greenleaves"'"
2024-12-10 12:13:03,177 - IRCServer[6288] - INFO - Received msg from Host ID #106 "b'\x80\x00\x00\x00j\x00\x00\x00\x06\x08\x00\x0bmeriadoc"Test info"'"
2024-12-10 12:13:03,268 - IRCServer[6288] - INFO - Launching server osgiliath...
2024-12-10 12:13:03,301 - IRCServer[6288] - INFO - Configuring the server socket...
2024-12-10 12:13:03,330 - IRCServer[6288] - INFO - Connecting to remote server minastirith:33407...
2024-12-10 12:13:03,359 - IRCServer[6288] - INFO - Listening for new connections on port 33410
2024-12-10 12:13:03,389 - IRCServer[6288] - INFO - Received msg from Host ID #10 "b'\x00\x00\x00\x00\n\x00\x00\x00\x00\t\x00\x16osgiliath"Citadel of the Stars"'"
2024-12-10 12:13:03,412 - IRCServer[6288] - INFO - Sending message to Host ID #4 "b'\x00\x00\x00\x00\n\x00\x00\x00\x07\t\x00\x16osgiliath"Citadel of the Stars"'"
2024-12-10 12:13:03,445 - IRCServer[6288] - INFO - Received msg from Host ID #7 "b'\x00\x00\x00\x00\x07\x00\x00\x00\n\x0b\x00\x10minastirith"Tower of Guard"'"
2024-12-10 12:13:03,446 - IRCServer[6288] - INFO - Received msg from Host ID #10 "b'\x00\x00\x00\x00\n\x00\x00\x00\x07\t\x00\x16osgiliath"Citadel of the Stars"'"
2024-12-10 12:13:03,492 - IRCServer[6288] - INFO - Received msg from Host ID #4 "b'\x00\x00\x00\x00\x04\x00\x00\x00\x07\n\x00\x11lothlorien"The Golden Wood"'"
2024-12-10 12:13:03,495 - IRCServer[6288] - INFO - Sending message to Host ID #2 "b'\x00\x00\x00\x00\n\x00\x00\x00\x04\t\x00\x16osgiliath"Citadel of the Stars"'"
2024-12-10 12:13:03,536 - IRCServer[6288] - INFO - Received msg from Host ID #2 "b'\x00\x00\x00\x00\x02\x00\x00\x00\x07\t\x00\x0frivendale"Elronds House"'"
2024-12-10 12:13:03,548 - IRCServer[6288] - INFO - Sending message to Host ID #6 "b'\x00\x00\x00\x00\n\x00\x00\x00\x04\t\x00\x16osgiliath"Citadel of the Stars"'"
2024-12-10 12:13:03,582 - IRCServer[6288] - INFO - Received msg from Host ID #1 "b'\x00\x00\x00\x00\x01\x00\x00\x00\x07\x08\x00\x15theshire"Home of the Hobbits"'"
2024-12-10 12:13:03,587 - IRCServer[6288] - INFO - Received msg from Host ID #10 "b'\x00\x00\x00\x00\n\x00\x00\x00\x04\t\x00\x16osgiliath"Citadel of the Stars"'"
2024-12-10 12:13:03,591 - IRCServer[6288] - INFO - Received msg from Host ID #10 "b'\x00\x00\x00\x00\n\x00\x00\x00\x04\t\x00\x16osgiliath"Citadel of the Stars"'"
2024-12-10 12:13:03,631 - IRCServer[6288] - INFO - Received msg from Host ID #101 "b'\x80\x00\x00\x00e\x00\x00\x00\x07\x0c\x00\x0bfrodobaggins"Test info"'"
2024-12-10 12:13:03,634 - IRCServer[6288] - INFO - Sending message to Host ID #1 "b'\x00\x00\x00\x00\n\x00\x00\x00\x02\t\x00\x16osgiliath"Citadel of the Stars"'"
2024-12-10 12:13:03,646 - IRCServer[6288] - INFO - Sending message to Host ID #9 "b'\x00\x00\x00\x00\n\x00\x00\x00\x06\t\x00\x16osgiliath"Citadel of the Stars"'"
2024-12-10 12:13:03,668 - IRCServer[6288] - INFO - Received msg from Host ID #3 "b'\x00\x00\x00\x00\x03\x00\x00\x00\x07\x0b\x00\x1cgrey_havens"Gates to the Blessed Realm"'"
2024-12-10 12:13:03,673 - IRCServer[6288] - INFO - Sending message to Host ID #5 "b'\x00\x00\x00\x00\n\x00\x00\x00\x02\t\x00\x16osgiliath"Citadel of the Stars"'"
2024-12-10 12:13:03,692 - IRCServer[6288] - INFO - Received msg from Host ID #10 "b'\x00\x00\x00\x00\n\x00\x00\x00\x06\t\x00\x16osgiliath"Citadel of the Stars"'"
2024-12-10 12:13:03,711 - IRCServer[6288] - INFO - Received msg from Host ID #102 "b'\x80\x00\x00\x00f\x00\x00\x00\x07\t\x00\x0bsamgamgee"Test info"'"
2024-12-10 12:13:03,716 - IRCServer[6288] - INFO - Sending message to Host ID #8 "b'\x00\x00\x00\x00\n\x00\x00\x00\x02\t\x00\x16osgiliath"Citadel of the Stars"'"
2024-12-10 12:13:03,753 - IRCServer[6288] - INFO - Received msg from Host ID #103 "b'\x80\x00\x00\x00g\x00\x00\x00\x07\x06\x00\x0belrond"Test info"'"
2024-12-10 12:13:03,757 - IRCServer[6288] - INFO - Received msg from Host ID #10 "b'\x00\x00\x00\x00\n\x00\x00\x00\x02\t\x00\x16osgiliath"Citadel of the Stars"'"
2024-12-10 12:13:03,763 - IRCServer[6288] - INFO - Received msg from Host ID #10 "b'\x00\x00\x00\x00\n\x00\x00\x00\x02\t\x00\x16osgiliath"Citadel of the Stars"'"
2024-12-10 12:13:03,766 - IRCServer[6288] - INFO - Received msg from Host ID #10 "b'\x00\x00\x00\x00\n\x00\x00\x00\x02\t\x00\x16osgiliath"Citadel of the Stars"'"
2024-12-10 12:13:03,793 - IRCServer[6288] - INFO - Received msg from Host ID #104 "b'\x80\x00\x00\x00h\x00\x00\x00\x07\x0c\x00\x0bbilbobaggins"Test info"'"
2024-12-10 12:13:03,811 - IRCServer[6288] - INFO - Sending message to Host ID #3 "b'\x00\x00\x00\x00\n\x00\x00\x00\x01\t\x00\x16osgiliath"Citadel of the Stars"'"
2024-12-10 12:13:03,846 - IRCServer[6288] - INFO - Received msg from Host ID #5 "b'\x00\x00\x00\x00\x05\x00\x00\x00\x07\x05\x00\x0fmoria"The Black Pit"'"
2024-12-10 12:13:03,869 - IRCServer[6288] - INFO - Received msg from Host ID #10 "b'\x00\x00\x00\x00\n\x00\x00\x00\x01\t\x00\x16osgiliath"Citadel of the Stars"'"
2024-12-10 12:13:03,898 - IRCServer[6288] - INFO - Received msg from Host ID #6 "b'\x00\x00\x00\x00\x06\x00\x00\x00\x07\x06\x00%edoras"Home of the Golden Hall of Meduseld"'"
2024-12-10 12:13:03,948 - IRCServer[6288] - INFO - Received msg from Host ID #105 "b'\x80\x00\x00\x00i\x00\x00\x00\x07\x08\x00\x0bperegrin"Test info"'"
2024-12-10 12:13:03,989 - IRCServer[6288] - INFO - Received msg from Host ID #8 "b'\x00\x00\x00\x00\x08\x00\x00\x00\x07\x08\x00\x15mirkwood"Wood of Greenleaves"'"
2024-12-10 12:13:04,035 - IRCServer[6288] - INFO - Received msg from Host ID #106 "b'\x80\x00\x00\x00j\x00\x00\x00\x07\x08\x00\x0bmeriadoc"Test info"'"
2024-12-10 12:13:04,088 - IRCServer[6288] - INFO - Received msg from Host ID #9 "b'\x00\x00\x00\x00\t\x00\x00\x00\x07\x08\x00\x1disengard"Angrenost, The Iron Fortres"'"
2024-12-10 12:13:04,284 - IRCServer[6288] - INFO - Launching server barad-dur...
2024-12-10 12:13:04,333 - IRCServer[6288] - INFO - Configuring the server socket...
2024-12-10 12:13:04,370 - IRCServer[6288] - INFO - Connecting to remote server minastirith:33407...
2024-12-10 12:13:04,408 - IRCServer[6288] - INFO - Listening for new connections on port 33411
2024-12-10 12:13:04,466 - IRCServer[6288] - INFO - Received msg from Host ID #11 "b'\x00\x00\x00\x00\x0b\x00\x00\x00\x00\t\x00\x10barad-dur"The Dark Tower"'"
2024-12-10 12:13:04,501 - IRCServer[6288] - INFO - Sending message to Host ID #4 "b'\x00\x00\x00\x00\x0b\x00\x00\x00\x07\t\x00\x10barad-dur"The Dark Tower"'"
2024-12-10 12:13:04,542 - IRCServer[6288] - INFO - Sending message to Host ID #10 "b'\x00\x00\x00\x00\x0b\x00\x00\x00\x07\t\x00\x10barad-dur"The Dark Tower"'"
2024-12-10 12:13:04,598 - IRCServer[6288] - INFO - Received msg from Host ID #11 "b'\x00\x00\x00\x00\x0b\x00\x00\x00\x07\t\x00\x10barad-dur"The Dark Tower"'"
2024-12-10 12:13:04,602 - IRCServer[6288] - INFO - Received msg from Host ID #11 "b'\x00\x00\x00\x00\x0b\x00\x00\x00\x07\t\x00\x10barad-dur"The Dark Tower"'"
2024-12-10 12:13:04,607 - IRCServer[6288] - INFO - Received msg from Host ID #7 "b'\x00\x00\x00\x00\x07\x00\x00\x00\x0b\x0b\x00\x10minastirith"Tower of Guard"'"
2024-12-10 12:13:04,674 - IRCServer[6288] - INFO - Sending message to Host ID #2 "b'\x00\x00\x00\x00\x0b\x00\x00\x00\x04\t\x00\x10barad-dur"The Dark Tower"'"
2024-12-10 12:13:04,692 - IRCServer[6288] - INFO - Received msg from Host ID #4 "b'\x00\x00\x00\x00\x04\x00\x00\x00\x07\n\x00\x11lothlorien"The Golden Wood"'"
2024-12-10 12:13:04,747 - IRCServer[6288] - INFO - Sending message to Host ID #6 "b'\x00\x00\x00\x00\x0b\x00\x00\x00\x04\t\x00\x10barad-dur"The Dark Tower"'"
2024-12-10 12:13:04,775 - IRCServer[6288] - INFO - Received msg from Host ID #2 "b'\x00\x00\x00\x00\x02\x00\x00\x00\x07\t\x00\x0frivendale"Elronds House"'"
2024-12-10 12:13:04,808 - IRCServer[6288] - INFO - Received msg from Host ID #11 "b'\x00\x00\x00\x00\x0b\x00\x00\x00\x04\t\x00\x10barad-dur"The Dark Tower"'"
2024-12-10 12:13:04,814 - IRCServer[6288] - INFO - Received msg from Host ID #11 "b'\x00\x00\x00\x00\x0b\x00\x00\x00\x04\t\x00\x10barad-dur"The Dark Tower"'"
2024-12-10 12:13:04,826 - IRCServer[6288] - INFO - Received msg from Host ID #1 "b'\x00\x00\x00\x00\x01\x00\x00\x00\x07\x08\x00\x15theshire"Home of the Hobbits"'"
2024-12-10 12:13:04,848 - IRCServer[6288] - INFO - Sending message to Host ID #1 "b'\x00\x00\x00\x00\x0b\x00\x00\x00\x02\t\x00\x10barad-dur"The Dark Tower"'"
2024-12-10 12:13:04,863 - IRCServer[6288] - INFO - Sending message to Host ID #9 "b'\x00\x00\x00\x00\x0b\x00\x00\x00\x06\t\x00\x10barad-dur"The Dark Tower"'"
2024-12-10 12:13:04,871 - IRCServer[6288] - INFO - Received msg from Host ID #101 "b'\x80\x00\x00\x00e\x00\x00\x00\x07\x0c\x00\x0bfrodobaggins"Test info"'"
2024-12-10 12:13:04,905 - IRCServer[6288] - INFO - Sending message to Host ID #5 "b'\x00\x00\x00\x00\x0b\x00\x00\x00\x02\t\x00\x10barad-dur"The Dark Tower"'"
2024-12-10 12:13:04,911 - IRCServer[6288] - INFO - Received msg from Host ID #11 "b'\x00\x00\x00\x00\x0b\x00\x00\x00\x06\t\x00\x10barad-dur"The Dark Tower"'"
2024-12-10 12:13:04,919 - IRCServer[6288] - INFO - Received msg from Host ID #3 "b'\x00\x00\x00\x00\x03\x00\x00\x00\x07\x0b\x00\x1cgrey_havens"Gates to the Blessed Realm"'"
2024-12-10 12:13:04,948 - IRCServer[6288] - INFO - Sending message to Host ID #8 "b'\x00\x00\x00\x00\x0b\x00\x00\x00\x02\t\x00\x10barad-dur"The Dark Tower"'"
2024-12-10 12:13:04,961 - IRCServer[6288] - INFO - Received msg from Host ID #102 "b'\x80\x00\x00\x00f\x00\x00\x00\x07\t\x00\x0bsamgamgee"Test info"'"
2024-12-10 12:13:04,991 - IRCServer[6288] - INFO - Received msg from Host ID #11 "b'\x00\x00\x00\x00\x0b\x00\x00\x00\x02\t\x00\x10barad-dur"The Dark Tower"'"
2024-12-10 12:13:04,996 - IRCServer[6288] - INFO - Received msg from Host ID #11 "b'\x00\x00\x00\x00\x0b\x00\x00\x00\x02\t\x00\x10barad-dur"The Dark Tower"'"
2024-12-10 12:13:04,999 - IRCServer[6288] - INFO - Received msg from Host ID #11 "b'\x00\x00\x00\x00\x0b\x00\x00\x00\x02\t\x00\x10barad-dur"The Dark Tower"'"
2024-12-10 12:13:05,031 - IRCServer[6288] - INFO - Received msg from Host ID #103 "b'\x80\x00\x00\x00g\x00\x00\x00\x07\x06\x00\x0belrond"Test info"'"
2024-12-10 12:13:05,093 - IRCServer[6288] - INFO - Sending message to Host ID #3 "b'\x00\x00\x00\x00\x0b\x00\x00\x00\x01\t\x00\x10barad-dur"The Dark Tower"'"
2024-12-10 12:13:05,112 - IRCServer[6288] - INFO - Received msg from Host ID #104 "b'\x80\x00\x00\x00h\x00\x00\x00\x07\x0c\x00\x0bbilbobaggins"Test info"'"
2024-12-10 12:13:05,183 - IRCServer[6288] - INFO - Received msg from Host ID #11 "b'\x00\x00\x00\x00\x0b\x00\x00\x00\x01\t\x00\x10barad-dur"The Dark Tower"'"
2024-12-10 12:13:05,190 - IRCServer[6288] - INFO - Received msg from Host ID #5 "b'\x00\x00\x00\x00\x05\x00\x00\x00\x07\x05\x00\x0fmoria"The Black Pit"'"
2024-12-10 12:13:05,267 - IRCServer[6288] - INFO - Received msg from Host ID #6 "b'\x00\x00\x00\x00\x06\x00\x00\x00\x07\x06\x00%edoras"Home of the Golden Hall of Meduseld"'"
2024-12-10 12:13:05,329 - IRCServer[6288] - INFO - Received msg from Host ID #105 "b'\x80\x00\x00\x00i\x00\x00\x00\x07\x08\x00\x0bperegrin"Test info"'"
2024-12-10 12:13:05,401 - IRCServer[6288] - INFO - Received msg from Host ID #8 "b'\x00\x00\x00\x00\x08\x00\x00\x00\x07\x08\x00\x15mirkwood"Wood of Greenleaves"'"
2024-12-10 12:13:05,466 - IRCServer[6288] - INFO - Received msg from Host ID #106 "b'\x80\x00\x00\x00j\x00\x00\x00\x07\x08\x00\x0bmeriadoc"Test info"'"
2024-12-10 12:13:05,524 - IRCServer[6288] - INFO - Received msg from Host ID #9 "b'\x00\x00\x00\x00\t\x00\x00\x00\x07\x08\x00\x1disengard"Angrenost, The Iron Fortres"'"
2024-12-10 12:13:05,579 - IRCServer[6288] - INFO - Received msg from Host ID #10 "b'\x00\x00\x00\x00\n\x00\x00\x00\x07\t\x00\x16osgiliath"Citadel of the Stars"'"
2024-12-10 12:13:06,309 - IRCServer[6288] - INFO - Launching client balin...
2024-12-10 12:13:06,366 - IRCServer[6288] - INFO - Sending message to b'\x80\x00\x00\x00k\x00\x00\x00\x00\x05\x00\x0bbalin"Test info"'
2024-12-10 12:13:06,434 - IRCServer[6288] - INFO - Received msg from Host ID #107 "b'\x80\x00\x00\x00k\x00\x00\x00\x00\x05\x00\x0bbalin"Test info"'"
2024-12-10 12:13:06,513 - IRCServer[6288] - INFO - Sending message to Host ID #2 "b'\x80\x00\x00\x00k\x00\x00\x00\x05\x05\x00\x0bbalin"Test info"'"
2024-12-10 12:13:06,574 - IRCServer[6288] - INFO - Received msg from Host ID #107 "b'\x80\x00\x00\x00k\x00\x00\x00\x05\x05\x00\x0bbalin"Test info"'"
2024-12-10 12:13:06,580 - IRCServer[6288] - INFO - Received message from Host ID #5 "b'\x01\x00\x00\x00\x05\x00\x00\x00k\x00\x00\x00\x00\x00/Welcome to the Clemson Relay Chat network balin'"
2024-12-10 12:13:06,653 - IRCServer[6288] - INFO - Sending message to Host ID #1 "b'\x80\x00\x00\x00k\x00\x00\x00\x02\x05\x00\x0bbalin"Test info"'"
2024-12-10 12:13:06,668 - IRCServer[6288] - INFO - Received message from Host ID #101 "b'\x80\x00\x00\x00e\x00\x00\x00\x05\x0c\x00\x0bfrodobaggins"Test info"'"
2024-12-10 12:13:06,725 - IRCServer[6288] - INFO - Sending message to Host ID #4 "b'\x80\x00\x00\x00k\x00\x00\x00\x02\x05\x00\x0bbalin"Test info"'"
2024-12-10 12:13:06,753 - IRCServer[6288] - INFO - Received message from Host ID #102 "b'\x80\x00\x00\x00f\x00\x00\x00\x05\t\x00\x0bsamgamgee"Test info"'"
2024-12-10 12:13:06,779 - IRCServer[6288] - INFO - Sending message to Host ID #8 "b'\x80\x00\x00\x00k\x00\x00\x00\x02\x05\x00\x0bbalin"Test info"'"
2024-12-10 12:13:06,819 - IRCServer[6288] - INFO - Received message from Host ID #103 "b'\x80\x00\x00\x00g\x00\x00\x00\x05\x06\x00\x0belrond"Test info"'"
2024-12-10 12:13:06,833 - IRCServer[6288] - INFO - Sending message to Host ID #103 "b'\x80\x00\x00\x00k\x00\x00\x00\x02\x05\x00\x0bbalin"Test info"'"
2024-12-10 12:13:06,889 - IRCServer[6288] - INFO - Received message from Host ID #104 "b'\x80\x00\x00\x00h\x00\x00\x00\x05\x0c\x00\x0bbilbobaggins"Test info"'"
2024-12-10 12:13:06,918 - IRCServer[6288] - INFO - Received msg from Host ID #107 "b'\x80\x00\x00\x00k\x00\x00\x00\x02\x05\x00\x0bbalin"Test info"'"
2024-12-10 12:13:06,921 - IRCServer[6288] - INFO - Received msg from Host ID #107 "b'\x80\x00\x00\x00k\x00\x00\x00\x02\x05\x00\x0bbalin"Test info"'"
2024-12-10 12:13:06,934 - IRCServer[6288] - INFO - Received message from Host ID #107 "b'\x80\x00\x00\x00k\x00\x00\x00\x02\x05\x00\x0bbalin"Test info"'"
2024-12-10 12:13:06,938 - IRCServer[6288] - INFO - Received msg from Host ID #107 "b'\x80\x00\x00\x00k\x00\x00\x00\x02\x05\x00\x0bbalin"Test info"'"
2024-12-10 12:13:06,959 - IRCServer[6288] - INFO - Received message from Host ID #105 "b'\x80\x00\x00\x00i\x00\x00\x00\x05\x08\x00\x0bperegrin"Test info"'"
2024-12-10 12:13:06,992 - IRCServer[6288] - INFO - Sending message to Host ID #3 "b'\x80\x00\x00\x00k\x00\x00\x00\x01\x05\x00\x0bbalin"Test info"'"
2024-12-10 12:13:07,009 - IRCServer[6288] - INFO - Sending message to Host ID #6 "b'\x80\x00\x00\x00k\x00\x00\x00\x04\x05\x00\x0bbalin"Test info"'"
2024-12-10 12:13:07,019 - IRCServer[6288] - INFO - Received message from Host ID #106 "b'\x80\x00\x00\x00j\x00\x00\x00\x05\x08\x00\x0bmeriadoc"Test info"'"
2024-12-10 12:13:07,056 - IRCServer[6288] - INFO - Sending message to Host ID #101 "b'\x80\x00\x00\x00k\x00\x00\x00\x01\x05\x00\x0bbalin"Test info"'"
2024-12-10 12:13:07,067 - IRCServer[6288] - INFO - Sending message to Host ID #7 "b'\x80\x00\x00\x00k\x00\x00\x00\x04\x05\x00\x0bbalin"Test info"'"
2024-12-10 12:13:07,104 - IRCServer[6288] - INFO - Sending message to Host ID #102 "b'\x80\x00\x00\x00k\x00\x00\x00\x01\x05\x00\x0bbalin"Test info"'"
2024-12-10 12:13:07,122 - IRCServer[6288] - INFO - Received msg from Host ID #107 "b'\x80\x00\x00\x00k\x00\x00\x00\x04\x05\x00\x0bbalin"Test info"'"
2024-12-10 12:13:07,123 - IRCServer[6288] - INFO - Received msg from Host ID #107 "b'\x80\x00\x00\x00k\x00\x00\x00\x04\x05\x00\x0bbalin"Test info"'"
2024-12-10 12:13:07,175 - IRCServer[6288] - INFO - Received message from Host ID #107 "b'\x80\x00\x00\x00k\x00\x00\x00\x01\x05\x00\x0bbalin"Test info"'"
2024-12-10 12:13:07,179 - IRCServer[6288] - INFO - Received msg from Host ID #107 "b'\x80\x00\x00\x00k\x00\x00\x00\x01\x05\x00\x0bbalin"Test info"'"
2024-12-10 12:13:07,182 - IRCServer[6288] - INFO - Sending message to Host ID #9 "b'\x80\x00\x00\x00k\x00\x00\x00\x06\x05\x00\x0bbalin"Test info"'"
2024-12-10 12:13:07,188 - IRCServer[6288] - INFO - Received message from Host ID #107 "b'\x80\x00\x00\x00k\x00\x00\x00\x01\x05\x00\x0bbalin"Test info"'"
2024-12-10 12:13:07,194 - IRCServer[6288] - INFO - Sending message to Host ID #10 "b'\x80\x00\x00\x00k\x00\x00\x00\x07\x05\x00\x0bbalin"Test info"'"
2024-12-10 12:13:07,255 - IRCServer[6288] - INFO - Sending message to Host ID #104 "b'\x80\x00\x00\x00k\x00\x00\x00\x03\x05\x00\x0bbalin"Test info"'"
2024-12-10 12:13:07,260 - IRCServer[6288] - INFO - Sending message to Host ID #106 "b'\x80\x00\x00\x00k\x00\x00\x00\x06\x05\x00\x0bbalin"Test info"'"
2024-12-10 12:13:07,284 - IRCServer[6288] - INFO - Sending message to Host ID #11 "b'\x80\x00\x00\x00k\x00\x00\x00\x07\x05\x00\x0bbalin"Test info"'"
2024-12-10 12:13:07,335 - IRCServer[6288] - INFO - Received message from Host ID #107 "b'\x80\x00\x00\x00k\x00\x00\x00\x03\x05\x00\x0bbalin"Test info"'"
2024-12-10 12:13:07,348 - IRCServer[6288] - INFO - Launching client sauron...
2024-12-10 12:13:07,354 - IRCServer[6288] - INFO - Received msg from Host ID #107 "b'\x80\x00\x00\x00k\x00\x00\x00\x06\x05\x00\x0bbalin"Test info"'"
2024-12-10 12:13:07,379 - IRCServer[6288] - INFO - Received message from Host ID #107 "b'\x80\x00\x00\x00k\x00\x00\x00\x06\x05\x00\x0bbalin"Test info"'"
2024-12-10 12:13:07,388 - IRCServer[6288] - INFO - Sending message to Host ID #105 "b'\x80\x00\x00\x00k\x00\x00\x00\x07\x05\x00\x0bbalin"Test info"'"
2024-12-10 12:13:07,432 - IRCServer[6288] - INFO - Sending message to b'\x80\x00\x00\x00l\x00\x00\x00\x00\x06\x00\x0bsauron"Test info"'
2024-12-10 12:13:07,492 - IRCServer[6288] - INFO - Received message from Host ID #107 "b'\x80\x00\x00\x00k\x00\x00\x00\x07\x05\x00\x0bbalin"Test info"'"
2024-12-10 12:13:07,494 - IRCServer[6288] - INFO - Received msg from Host ID #107 "b'\x80\x00\x00\x00k\x00\x00\x00\x07\x05\x00\x0bbalin"Test info"'"
2024-12-10 12:13:07,497 - IRCServer[6288] - INFO - Received msg from Host ID #107 "b'\x80\x00\x00\x00k\x00\x00\x00\x07\x05\x00\x0bbalin"Test info"'"
2024-12-10 12:13:07,564 - IRCServer[6288] - INFO - Received msg from Host ID #108 "b'\x80\x00\x00\x00l\x00\x00\x00\x00\x06\x00\x0bsauron"Test info"'"
2024-12-10 12:13:07,610 - IRCServer[6288] - INFO - Sending message to Host ID #7 "b'\x80\x00\x00\x00l\x00\x00\x00\x0b\x06\x00\x0bsauron"Test info"'"
2024-12-10 12:13:07,649 - IRCServer[6288] - INFO - Received msg from Host ID #108 "b'\x80\x00\x00\x00l\x00\x00\x00\x0b\x06\x00\x0bsauron"Test info"'"
2024-12-10 12:13:07,653 - IRCServer[6288] - INFO - Received message from Host ID #11 "b'\x01\x00\x00\x00\x0b\x00\x00\x00l\x00\x00\x00\x00\x000Welcome to the Clemson Relay Chat network sauron'"
2024-12-10 12:13:07,685 - IRCServer[6288] - INFO - Sending message to Host ID #4 "b'\x80\x00\x00\x00l\x00\x00\x00\x07\x06\x00\x0bsauron"Test info"'"
2024-12-10 12:13:07,695 - IRCServer[6288] - INFO - Received message from Host ID #101 "b'\x80\x00\x00\x00e\x00\x00\x00\x0b\x0c\x00\x0bfrodobaggins"Test info"'"
2024-12-10 12:13:07,729 - IRCServer[6288] - INFO - Sending message to Host ID #10 "b'\x80\x00\x00\x00l\x00\x00\x00\x07\x06\x00\x0bsauron"Test info"'"
2024-12-10 12:13:07,749 - IRCServer[6288] - INFO - Received message from Host ID #102 "b'\x80\x00\x00\x00f\x00\x00\x00\x0b\t\x00\x0bsamgamgee"Test info"'"
2024-12-10 12:13:07,803 - IRCServer[6288] - INFO - Sending message to Host ID #105 "b'\x80\x00\x00\x00l\x00\x00\x00\x07\x06\x00\x0bsauron"Test info"'"
2024-12-10 12:13:07,805 - IRCServer[6288] - INFO - Received message from Host ID #103 "b'\x80\x00\x00\x00g\x00\x00\x00\x0b\x06\x00\x0belrond"Test info"'"
2024-12-10 12:13:07,838 - IRCServer[6288] - INFO - Received message from Host ID #108 "b'\x80\x00\x00\x00l\x00\x00\x00\x07\x06\x00\x0bsauron"Test info"'"
2024-12-10 12:13:07,842 - IRCServer[6288] - INFO - Received msg from Host ID #108 "b'\x80\x00\x00\x00l\x00\x00\x00\x07\x06\x00\x0bsauron"Test info"'"
2024-12-10 12:13:07,843 - IRCServer[6288] - INFO - Received msg from Host ID #108 "b'\x80\x00\x00\x00l\x00\x00\x00\x07\x06\x00\x0bsauron"Test info"'"
2024-12-10 12:13:07,852 - IRCServer[6288] - INFO - Received message from Host ID #104 "b'\x80\x00\x00\x00h\x00\x00\x00\x0b\x0c\x00\x0bbilbobaggins"Test info"'"
2024-12-10 12:13:07,898 - IRCServer[6288] - INFO - Sending message to Host ID #2 "b'\x80\x00\x00\x00l\x00\x00\x00\x04\x06\x00\x0bsauron"Test info"'"
2024-12-10 12:13:07,902 - IRCServer[6288] - INFO - Received message from Host ID #105 "b'\x80\x00\x00\x00i\x00\x00\x00\x0b\x08\x00\x0bperegrin"Test info"'"
2024-12-10 12:13:07,929 - IRCServer[6288] - INFO - Sending message to Host ID #6 "b'\x80\x00\x00\x00l\x00\x00\x00\x04\x06\x00\x0bsauron"Test info"'"
2024-12-10 12:13:07,933 - IRCServer[6288] - INFO - Received message from Host ID #106 "b'\x80\x00\x00\x00j\x00\x00\x00\x0b\x08\x00\x0bmeriadoc"Test info"'"
2024-12-10 12:13:07,968 - IRCServer[6288] - INFO - Received message from Host ID #107 "b'\x80\x00\x00\x00k\x00\x00\x00\x0b\x05\x00\x0bbalin"Test info"'"
2024-12-10 12:13:07,971 - IRCServer[6288] - INFO - Received msg from Host ID #108 "b'\x80\x00\x00\x00l\x00\x00\x00\x04\x06\x00\x0bsauron"Test info"'"
2024-12-10 12:13:07,974 - IRCServer[6288] - INFO - Received msg from Host ID #108 "b'\x80\x00\x00\x00l\x00\x00\x00\x04\x06\x00\x0bsauron"Test info"'"
2024-12-10 12:13:08,005 - IRCServer[6288] - INFO - Sending message to Host ID #1 "b'\x80\x00\x00\x00l\x00\x00\x00\x02\x06\x00\x0bsauron"Test info"'"
2024-12-10 12:13:08,011 - IRCServer[6288] - INFO - Sending message to Host ID #9 "b'\x80\x00\x00\x00l\x00\x00\x00\x06\x06\x00\x0bsauron"Test info"'"
2024-12-10 12:13:08,025 - IRCServer[6288] - INFO - Sending message to Host ID #5 "b'\x80\x00\x00\x00l\x00\x00\x00\x02\x06\x00\x0bsauron"Test info"'"
2024-12-10 12:13:08,037 - IRCServer[6288] - INFO - Sending message to Host ID #106 "b'\x80\x00\x00\x00l\x00\x00\x00\x06\x06\x00\x0bsauron"Test info"'"
2024-12-10 12:13:08,060 - IRCServer[6288] - INFO - Sending message to Host ID #8 "b'\x80\x00\x00\x00l\x00\x00\x00\x02\x06\x00\x0bsauron"Test info"'"
2024-12-10 12:13:08,096 - IRCServer[6288] - INFO - Received message from Host ID #108 "b'\x80\x00\x00\x00l\x00\x00\x00\x06\x06\x00\x0bsauron"Test info"'"
2024-12-10 12:13:08,105 - IRCServer[6288] - INFO - Received msg from Host ID #108 "b'\x80\x00\x00\x00l\x00\x00\x00\x06\x06\x00\x0bsauron"Test info"'"
2024-12-10 12:13:08,116 - IRCServer[6288] - INFO - Sending message to Host ID #103 "b'\x80\x00\x00\x00l\x00\x00\x00\x02\x06\x00\x0bsauron"Test info"'"
2024-12-10 12:13:08,153 - IRCServer[6288] - INFO - Received msg from Host ID #108 "b'\x80\x00\x00\x00l\x00\x00\x00\x02\x06\x00\x0bsauron"Test info"'"
2024-12-10 12:13:08,156 - IRCServer[6288] - INFO - Received msg from Host ID #108 "b'\x80\x00\x00\x00l\x00\x00\x00\x02\x06\x00\x0bsauron"Test info"'"
2024-12-10 12:13:08,158 - IRCServer[6288] - INFO - Received msg from Host ID #108 "b'\x80\x00\x00\x00l\x00\x00\x00\x02\x06\x00\x0bsauron"Test info"'"
2024-12-10 12:13:08,162 - IRCServer[6288] - INFO - Received message from Host ID #108 "b'\x80\x00\x00\x00l\x00\x00\x00\x02\x06\x00\x0bsauron"Test info"'"
2024-12-10 12:13:08,187 - IRCServer[6288] - INFO - Sending message to Host ID #107 "b'\x80\x00\x00\x00l\x00\x00\x00\x05\x06\x00\x0bsauron"Test info"'"
2024-12-10 12:13:08,213 - IRCServer[6288] - INFO - Server has disconnected!
2024-12-10 12:13:08,222 - IRCServer[6288] - INFO - Sending message to Host ID #3 "b'\x80\x00\x00\x00l\x00\x00\x00\x01\x06\x00\x0bsauron"Test info"'"
2024-12-10 12:13:08,230 - IRCServer[6288] - INFO - Server has disconnected!
2024-12-10 12:13:08,245 - IRCServer[6288] - INFO - Server has disconnected!
2024-12-10 12:13:08,247 - IRCServer[6288] - INFO - Received message from Host ID #108 "b'\x80\x00\x00\x00l\x00\x00\x00\x05\x06\x00\x0bsauron"Test info"'"
2024-12-10 12:13:08,252 - IRCServer[6288] - INFO - Server has disconnected!
2024-12-10 12:13:08,265 - IRCServer[6288] - INFO - Sending message to Host ID #101 "b'\x80\x00\x00\x00l\x00\x00\x00\x01\x06\x00\x0bsauron"Test info"'"
2024-12-10 12:13:08,341 - IRCServer[6288] - INFO - Sending message to Host ID #102 "b'\x80\x00\x00\x00l\x00\x00\x00\x01\x06\x00\x0bsauron"Test info"'"
2024-12-10 12:13:08,385 - IRCServer[6288] - INFO - Received message from Host ID #108 "b'\x80\x00\x00\x00l\x00\x00\x00\x01\x06\x00\x0bsauron"Test info"'"
2024-12-10 12:13:08,390 - IRCServer[6288] - INFO - Received message from Host ID #108 "b'\x80\x00\x00\x00l\x00\x00\x00\x01\x06\x00\x0bsauron"Test info"'"
2024-12-10 12:13:08,394 - IRCServer[6288] - INFO - Received msg from Host ID #108 "b'\x80\x00\x00\x00l\x00\x00\x00\x01\x06\x00\x0bsauron"Test info"'"
2024-12-10 12:13:08,464 - IRCServer[6288] - INFO - Sending message to Host ID #104 "b'\x80\x00\x00\x00l\x00\x00\x00\x03\x06\x00\x0bsauron"Test info"'"
2024-12-10 12:13:08,533 - IRCServer[6288] - INFO - Received message from Host ID #108 "b'\x80\x00\x00\x00l\x00\x00\x00\x03\x06\x00\x0bsauron"Test info"'"
