2024-12-10 12:13:07,260 - IRCServer[6288] - INFO - Sending message to Host ID #106 "b'\x80\x00\x00\x00k\x00\x00\x00\x06\x05\x00\x0bbalin"Test info"'"
2024-12-10 12:13:07,284 - IRCServer[6288] - INFO - Sending message to Host ID #11 "b'\x80\x00\x00\x00k\x00\x00\x00\x07\x05\x00\x0bbalin"Test info"'"
2024-12-10 12:13:07,335 - IRCServer[6288] - INFO - Received message from Host ID #107 "b'\x80\x00\x00\x00k\x00\x00\x00\x03\x05\x00\x0bbalin"Test info"'"
2024-12-10 12:13:07,348 - IRCServer[6288] - INFO - Launching client sauron...
2024-12-10 12:13:07,354 - IRCServer[6288] - INFO - Received msg from Host ID #107 "b'\x80\x00\x00\x00k\x00\x00\x00\x06\x05\x00\x0bbalin"Test info"'"
2024-12-10 12:13:07,379 - IRCServer[6288] - INFO - Received message from Host ID #107 "b'\x80\x00\x00\x00k\x00\x00\x00\x06\x05\x00\x0bbalin"Test info"'"
2024-12-10 12:13:07,388 - IRCServer[6288] - INFO - Sending message to Host ID #105 "b'\x80\x00\x00\x00k\x00\x00\x00\x07\x05\x00\x0bbalin"Test info"'"
2024-12-10 12:13:07,432 - IRCServer[6288] - INFO - Sending message to b'\x80\x00\x00\x00l\x00\x00\x00\x00\x06\x00\x0bsauron"Test info"'
2024-12-10 12:13:07,492 - IRCServer[6288] - INFO - Received message from Host ID #107 "b'\x80\x00\x00\x00k\x00\x00\x00\x07\x05\x00\x0bbalin"Test info"'"
2024-12-10 12:13:07,494 - IRCServer[6288] - INFO - Received msg from Host ID #107 "b'\x80\x00\x00\x00k\x00\x00\x00\x07\x05\x00\x0bbalin"Test info"'"
2024-12-10 12:13:07,497 - IRCServer[6288] - INFO - Received msg from Host ID #107 "b'\x80\x00\x00\x00k\x00\x00\x00\x07\x05\x00\x0bbalin"Test info"'"
2024-12-10 12:13:07,564 - IRCServer[6288] - INFO - Received msg from Host ID #108 "b'\x80\x00\x00\x00l\x00\x00\x00\x00\x06\x00\x0bsauron"Test info"'"
2024-12-10 12:13:07,610 - IRCServer[6288] - INFO - Sending message to Host ID #7 "b'\x80\x00\x00\x00l\x00\x00\x00\x0b\x06\x00\x0bsauron"Test info"'"
2024-12-10 12:13:07,649 - IRCServer[6288] - INFO - Received msg from Host ID #108 "b'\x80\x00\x00\x00l\x00\x00\x00\x0b\x06\x00\x0bsauron"Test info"'"
2024-12-10 12:13:07,653 - IRCServer[6288] - INFO - Received message from Host ID #11 "b'\x01\x00\x00\x00\x0b\x00\x00\x00l\x00\x00\x00\x00\x000Welcome to the Clemson Relay Chat network sauron'"
2024-12-10 12:13:07,685 - IRCServer[6288] - INFO - Sending message to Host ID #4 "b'\x80\x00\x00\x00l\x00\x00\x00\x07\x06\x00\x0bsauron"Test info"'"
2024-12-10 12:13:07,695 - IRCServer[6288] - INFO - Received message from Host ID #101 "b'\x80\x00\x00\x00e\x00\x00\x00\x0b\x0c\x00\x0bfrodobaggins"Test info"'"
2024-12-10 12:13:07,729 - IRCServer[6288] - INFO - Sending message to Host ID #10 "b'\x80\x00\x00\x00l\x00\x00\x00\x07\x06\x00\x0bsauron"Test info"'"
2024-12-10 12:13:07,749 - IRCServer[6288] - INFO - Received message from Host ID #102 "b'\x80\x00\x00\x00f\x00\x00\x00\x0b\t\x00\x0bsamgamgee"Test info"'"
2024-12-10 12:13:07,803 - IRCServer[6288] - INFO - Sending message to Host ID #105 "b'\x80\x00\x00\x00l\x00\x00\x00\x07\x06\x00\x0bsauron"Test info"'"
2024-12-10 12:13:07,805 - IRCServer[6288] - INFO - Received message from Host ID #103 "b'\x80\x00\x00\x00g\x00\x00\x00\x0b\x06\x00\x0belrond"Test info"'"
2024-12-10 12:13:07,838 - IRCServer[6288] - INFO - Received message from Host ID #108 "b'\x80\x00\x00\x00l\x00\x00\x00\x07\x06\x00\x0bsauron"Test info"'"
2024-12-10 12:13:07,842 - IRCServer[6288] - INFO - Received msg from Host ID #108 "b'\x80\x00\x00\x00l\x00\x00\x00\x07\x06\x00\x0bsauron"Test info"'"
2024-12-10 12:13:07,843 - IRCServer[6288] - INFO - Received msg from Host ID #108 "b'\x80\x00\x00\x00l\x00\x00\x00\x07\x06\x00\x0bsauron"Test info"'"
2024-12-10 12:13:07,852 - IRCServer[6288] - INFO - Received message from Host ID #104 "b'\x80\x00\x00\x00h\x00\x00\x00\x0b\x0c\x00\x0bbilbobaggins"Test info"'"
2024-12-10 12:13:07,898 - IRCServer[6288] - INFO - Sending message to Host ID #2 "b'\x80\x00\x00\x00l\x00\x00\x00\x04\x06\x00\x0bsauron"Test info"'"
2024-12-10 12:13:07,902 - IRCServer[6288] - INFO - Received message from Host ID #105 "b'\x80\x00\x00\x00i\x00\x00\x00\x0b\x08\x00\x0bperegrin"Test info"'"
2024-12-10 12:13:07,929 - IRCServer[6288] - INFO - Sending message to Host ID #6 "b'\x80\x00\x00\x00l\x00\x00\x00\x04\x06\x00\x0bsauron"Test info"'"
2024-12-10 12:13:07,933 - IRCServer[6288] - INFO - Received message from Host ID #106 "b'\x80\x00\x00\x00j\x00\x00\x00\x0b\x08\x00\x0bmeriadoc"Test info"'"
2024-12-10 12:13:07,968 - IRCServer[6288] - INFO - Received message from Host ID #107 "b'\x80\x00\x00\x00k\x00\x00\x00\x0b\x05\x00\x0bbalin"Test info"'"
2024-12-10 12:13:07,971 - IRCServer[6288] - INFO - Received msg from Host ID #108 "b'\x80\x00\x00\x00l\x00\x00\x00\x04\x06\x00\x0bsauron"Test info"'"
2024-12-10 12:13:07,974 - IRCServer[6288] - INFO - Received msg from Host ID #108 "b'\x80\x00\x00\x00l\x00\x00\x00\x04\x06\x00\x0bsauron"Test info"'"
2024-12-10 12:13:08,005 - IRCServer[6288] - INFO - Sending message to Host ID #1 "b'\x80\x00\x00\x00l\x00\x00\x00\x02\x06\x00\x0bsauron"Test info"'"
2024-12-10 12:13:08,011 - IRCServer[6288] - INFO - Sending message to Host ID #9 "b'\x80\x00\x00\x00l\x00\x00\x00\x06\x06\x00\x0bsauron"Test info"'"
2024-12-10 12:13:08,025 - IRCServer[6288] - INFO - Sending message to Host ID #5 "b'\x80\x00\x00\x00l\x00\x00\x00\x02\x06\x00\x0bsauron"Test info"'"
2024-12-10 12:13:08,037 - IRCServer[6288] - INFO - Sending message to Host ID #106 "b'\x80\x00\x00\x00l\x00\x00\x00\x06\x06\x00\x0bsauron"Test info"'"
2024-12-10 12:13:08,060 - IRCServer[6288] - INFO - Sending message to Host ID #8 "b'\x80\x00\x00\x00l\x00\x00\x00\x02\x06\x00\x0bsauron"Test info"'"
2024-12-10 12:13:08,096 - IRCServer[6288] - INFO - Received message from Host ID #108 "b'\x80\x00\x00\x00l\x00\x00\x00\x06\x06\x00\x0bsauron"Test info"'"
2024-12-10 12:13:08,105 - IRCServer[6288] - INFO - Received msg from Host ID #108 "b'\x80\x00\x00\x00l\x00\x00\x00\x06\x06\x00\x0bsauron"Test info"'"
2024-12-10 12:13:08,116 - IRCServer[6288] - INFO - Sending message to Host ID #103 "b'\x80\x00\x00\x00l\x00\x00\x00\x02\x06\x00\x0bsauron"Test info"'"
2024-12-10 12:13:08,153 - IRCServer[6288] - INFO - Received msg from Host ID #108 "b'\x80\x00\x00\x00l\x00\x00\x00\x02\x06\x00\x0bsauron"Test info"'"
2024-12-10 12:13:08,156 - IRCServer[6288] - INFO - Received msg from Host ID #108 "b'\x80\x00\x00\x00l\x00\x00\x00\x02\x06\x00\x0bsauron"Test info"'"
2024-12-10 12:13:08,158 - IRCServer[6288] - INFO - Received msg from Host ID #108 "b'\x80\x00\x00\x00l\x00\x00\x00\x02\x06\x00\x0bsauron"Test info"'"
2024-12-10 12:13:08,162 - IRCServer[6288] - INFO - Received message from Host ID #108 "b'\x80\x00\x00\x00l\x00\x00\x00\x02\x06\x00\x0bsauron"Test info"'"
2024-12-10 12:13:08,187 - IRCServer[6288] - INFO - Sending message to Host ID #107 "b'\x80\x00\x00\x00l\x00\x00\x00\x05\x06\x00\x0bsauron"Test info"'"
2024-12-10 12:13:08,213 - IRCServer[6288] - INFO - Server has disconnected!
2024-12-10 12:13:08,222 - IRCServer[6288] - INFO - Sending message to Host ID #3 "b'\x80\x00\x00\x00l\x00\x00\x00\x01\x06\x00\x0bsauron"Test info"'"
2024-12-10 12:13:08,230 - IRCServer[6288] - INFO - Server has disconnected!
2024-12-10 12:13:08,245 - IRCServer[6288] - INFO - Server has disconnected!
2024-12-10 12:13:08,247 - IRCServer[6288] - INFO - Received message from Host ID #108 "b'\x80\x00\x00\x00l\x00\x00\x00\x05\x06\x00\x0bsauron"Test info"'"
2024-12-10 12:13:08,252 - IRCServer[6288] - INFO - Server has disconnected!
2024-12-10 12:13:08,265 - IRCServer[6288] - INFO - Sending message to Host ID #101 "b'\x80\x00\x00\x00l\x00\x00\x00\x01\x06\x00\x0bsauron"Test info"'"
2024-12-10 12:13:08,341 - IRCServer[6288] - INFO - Sending message to Host ID #102 "b'\x80\x00\x00\x00l\x00\x00\x00\x01\x06\x00\x0bsauron"Test info"'"
2024-12-10 12:13:08,385 - IRCServer[6288] - INFO - Received message from Host ID #108 "b'\x80\x00\x00\x00l\x00\x00\x00\x01\x06\x00\x0bsauron"Test info"'"
2024-12-10 12:13:08,390 - IRCServer[6288] - INFO - Received message from Host ID #108 "b'\x80\x00\x00\x00l\x00\x00\x00\x01\x06\x00\x0bsauron"Test info"'"
2024-12-10 12:13:08,394 - IRCServer[6288] - INFO - Received msg from Host ID #108 "b'\x80\x00\x00\x00l\x00\x00\x00\x01\x06\x00\x0bsauron"Test info"'"
2024-12-10 12:13:08,464 - IRCServer[6288] - INFO - Sending message to Host ID #104 "b'\x80\x00\x00\x00l\x00\x00\x00\x03\x06\x00\x0bsauron"Test info"'"
2024-12-10 12:13:08,533 - IRCServer[6288] - INFO - Received message from Host ID #108 "b'\x80\x00\x00\x00l\x00\x00\x00\x03\x06\x00\x0bsauron"Test info"'"
