2024-12-10 12:14:04,937 - IRCServer[25732] - INFO - Launching server theshire...
2024-12-10 12:14:04,938 - IRCServer[25732] - INFO - Configuring the server socket...
2024-12-10 12:14:04,939 - IRCServer[25732] - INFO - Listening for new connections on port 31301
2024-12-10 12:14:05,191 - IRCServer[25732] - INFO - Launching server rivendale...
2024-12-10 12:14:05,192 - IRCServer[25732] - INFO - Configuring the server socket...
2024-12-10 12:14:05,193 - IRCServer[25732] - INFO - Connecting to remote server theshire:31301...
2024-12-10 12:14:05,194 - IRCServer[25732] - INFO - Listening for new connections on port 31302
2024-12-10 12:14:05,446 - IRCServer[25732] - INFO - Launching server mirkwood...
2024-12-10 12:14:05,447 - IRCServer[25732] - INFO - Configuring the server socket...
2024-12-10 12:14:05,449 - IRCServer[25732] - INFO - Connecting to remote server rivendale:31302...
2024-12-10 12:14:05,452 - IRCServer[25732] - INFO - Listening for new connections on port 31303
2024-12-10 12:14:05,700 - IRCServer[25732] - INFO - Launching server lothlorin...
2024-12-10 12:14:05,704 - IRCServer[25732] - INFO - Configuring the server socket...
2024-12-10 12:14:05,708 - IRCServer[25732] - INFO - Connecting to remote server mirkwood:31303...
2024-12-10 12:14:05,714 - IRCServer[25732] - INFO - Listening for new connections on port 31304
2024-12-10 12:14:05,956 - IRCServer[25732] - INFO - Launching server isengard...
2024-12-10 12:14:05,961 - IRCServer[25732] - INFO - Configuring the server socket...
2024-12-10 12:14:05,972 - IRCServer[25732] - INFO - Connecting to remote server rivendale:31302...
2024-12-10 12:14:05,981 - IRCServer[25732] - INFO - Listening for new connections on port 31305
2024-12-10 12:14:06,215 - IRCServer[25732] - INFO - Launching server minastirith...
2024-12-10 12:14:06,219 - IRCServer[25732] - INFO - Configuring the server socket...
2024-12-10 12:14:06,225 - IRCServer[25732] - INFO - Connecting to remote server theshire:31301...
2024-12-10 12:14:06,232 - IRCServer[25732] - INFO - Listening for new connections on port 31306
2024-12-10 12:14:06,478 - IRCServer[25732] - INFO - Launching server osgiliath...
2024-12-10 12:14:06,485 - IRCServer[25732] - INFO - Configuring the server socket...
2024-12-10 12:14:06,497 - IRCServer[25732] - INFO - Connecting to remote server minastiri:31306...
2024-12-10 12:14:06,508 - IRCServer[25732] - INFO - Listening for new connections on port 31307
2024-12-10 12:14:06,749 - IRCServer[25732] - INFO - Launching server barad-dur...
2024-12-10 12:14:06,762 - IRCServer[25732] - INFO - Configuring the server socket...
2024-12-10 12:14:06,770 - IRCServer[25732] - INFO - Connecting to remote server minastiri:31306...
2024-12-10 12:14:06,782 - IRCServer[25732] - INFO - Listening for new connections on port 31308
,961 - IRCServer[25732] - INFO - Configuring the server socket...
2024-12-10 12:14:05,972 - IRCServer[25732] - INFO - Connecting to remote server rivendale:31302...
2024-12-10 12:14:05,981 - IRCServer[25732] - INFO - Listening for new connections on port 31305
2024-12-10 12:14:06,215 - IRCServer[25732] - INFO - Launching server minastirith...
2024-12-10 12:14:06,219 - IRCServer[25732] - INFO - Configuring the server socket...
2024-12-10 12:14:06,225 - IRCServer[25732] - INFO - Connecting to remote server theshire:31301...
2024-12-10 12:14:06,232 - IRCServer[25732] - INFO - Listening for new connections on port 31306
2024-12-10 12:14:06,478 - IRCServer[25732] - INFO - Launching server osgiliath...
2024-12-10 12:14:06,485 - IRCServer[25732] - INFO - Configuring the server socket...
2024-12-10 12:14:06,497 - IRCServer[25732] - INFO - Connecting to remote server minastiri:31306...
2024-12-10 12:14:06,508 - IRCServer[25732] - INFO - Listening for new connections on port 31307
2024-12-10 12:14:06,749 - IRCServer[25732] - INFO - Launching server barad-dur...
2024-12-10 12:14:06,762 - IRCServer[25732] - INFO - Configuring the server socket...
2024-12-10 12:14:06,770 - IRCServer[25732] - INFO - Connecting to remote server minastiri:31306...
2024-12-10 12:14:06,782 - IRCServer[25732] - INFO - Listening for new connections on port 31308
,485 - IRCServer[25732] - INFO - Configuring the server socket...
2024-12-10 12:14:06,497 - IRCServer[25732] - INFO - Connecting to remote server minastiri:31306...
2024-12-10 12:14:06,508 - IRCServer[25732] - INFO - Listening for new connections on port 31307
2024-12-10 12:14:06,749 - IRCServer[25732] - INFO - Launching server barad-dur...
2024-12-10 12:14:06,762 - IRCServer[25732] - INFO - Configuring the server socket...
2024-12-10 12:14:06,770 - IRCServer[25732] - INFO - Connecting to remote server minastiri:31306...
2024-12-10 12:14:06,782 - IRCServer[25732] - INFO - Listening for new connections on port 31308
